<?xml version="1.0" encoding="UTF-8"?>
<!-- Generated by org.testng.reporters.JUnitReportReporter -->
<testsuite name="org.fcrepo.spec.testsuite.crud.HttpOptions" tests="2" time="0.018" ignored="0" failures="0" timestamp="02 Aug 2019 16:44:26 GMT" skipped="0" hostname="deck" errors="0">
  <testcase name="httpOptionsSupportAllow" time="0.009" classname="org.fcrepo.spec.testsuite.crud.HttpOptions"/>
  <testcase name="httpOptionsSupport" time="0.009" classname="org.fcrepo.spec.testsuite.crud.HttpOptions"/>
</testsuite> <!-- org.fcrepo.spec.testsuite.crud.HttpOptions -->
