<?xml version="1.0" encoding="UTF-8"?>
<!-- Generated by org.testng.reporters.JUnitReportReporter -->
<testsuite name="org.fcrepo.spec.testsuite.versioning.LdprmHttpDelete" tests="1" time="0.060" ignored="0" failures="0" timestamp="02 Aug 2019 16:44:26 GMT" skipped="1" hostname="deck" errors="0">
  <testcase name="ldprmMustSupportDeleteIfAdvertised" time="0.060" classname="org.fcrepo.spec.testsuite.versioning.LdprmHttpDelete">
    <skipped/>
  </testcase> <!-- ldprmMustSupportDeleteIfAdvertised -->
</testsuite> <!-- org.fcrepo.spec.testsuite.versioning.LdprmHttpDelete -->
