<?xml version="1.0" encoding="UTF-8"?>
<!-- Generated by org.testng.reporters.JUnitReportReporter -->
<testsuite name="org.fcrepo.spec.testsuite.versioning.LdpcvHttpDelete" tests="2" time="0.069" ignored="0" failures="0" timestamp="02 Aug 2019 16:44:26 GMT" skipped="1" hostname="deck" errors="0">
  <testcase name="ldpcvThatAdvertisesDeleteShouldRemoveContainerAndMementos" time="0.033" classname="org.fcrepo.spec.testsuite.versioning.LdpcvHttpDelete"/>
  <testcase name="ldpcvMaySupportDelete" time="0.036" classname="org.fcrepo.spec.testsuite.versioning.LdpcvHttpDelete">
    <skipped/>
  </testcase> <!-- ldpcvMaySupportDelete -->
</testsuite> <!-- org.fcrepo.spec.testsuite.versioning.LdpcvHttpDelete -->
