<?xml version="1.0" encoding="UTF-8"?>
<!-- Generated by org.testng.reporters.JUnitReportReporter -->
<testsuite name="org.fcrepo.spec.testsuite.authz.WebACRdfSources" tests="1" time="0.056" ignored="0" failures="0" timestamp="02 Aug 2019 16:44:26 GMT" skipped="0" hostname="deck" errors="0">
  <testcase name="aclIsLDPRS" time="0.056" classname="org.fcrepo.spec.testsuite.authz.WebACRdfSources"/>
</testsuite> <!-- org.fcrepo.spec.testsuite.authz.WebACRdfSources -->
