<?xml version="1.0" encoding="UTF-8"?>
<!-- Generated by org.testng.reporters.JUnitReportReporter -->
<testsuite name="org.fcrepo.spec.testsuite.crud.HttpHead" tests="3" time="0.092" ignored="0" failures="1" timestamp="02 Aug 2019 16:44:26 GMT" skipped="0" hostname="deck" errors="0">
  <testcase name="httpHeadResponseDigest" time="0.039" classname="org.fcrepo.spec.testsuite.crud.HttpHead"/>
  <testcase name="httpHeadResponseNoBody" time="0.020" classname="org.fcrepo.spec.testsuite.crud.HttpHead"/>
  <testcase name="httpHeadResponseHeadersSameAsHttpGet" time="0.033" classname="org.fcrepo.spec.testsuite.crud.HttpHead">
    <failure type="java.lang.AssertionError" message="Comparable headers should be the same between GET and HEAD: Lists differ at element [9]: Content-Type=text/turtle != Content-Type=text/turtle;charset=UTF-8 expected [Content-Type=text/turtle] but found [Content-Type=text/turtle;charset=UTF-8]">
      <![CDATA[java.lang.AssertionError: Comparable headers should be the same between GET and HEAD: Lists differ at element [9]: Content-Type=text/turtle != Content-Type=text/turtle;charset=UTF-8 expected [Content-Type=text/turtle] but found [Content-Type=text/turtle;charset=UTF-8]
	at org.testng.Assert.fail(Assert.java:94)
	at org.testng.Assert.failNotEquals(Assert.java:513)
	at org.testng.Assert.assertEqualsImpl(Assert.java:135)
	at org.testng.Assert.assertEquals(Assert.java:568)
	at org.fcrepo.spec.testsuite.crud.HttpHead.httpHeadResponseHeadersSameAsHttpGet(HttpHead.java:164)
	at sun.reflect.NativeMethodAccessorImpl.invoke0(Native Method)
	at sun.reflect.NativeMethodAccessorImpl.invoke(NativeMethodAccessorImpl.java:62)
	at sun.reflect.DelegatingMethodAccessorImpl.invoke(DelegatingMethodAccessorImpl.java:43)
	at java.lang.reflect.Method.invoke(Method.java:498)
	at org.testng.internal.MethodInvocationHelper.invokeMethod(MethodInvocationHelper.java:104)
	at org.testng.internal.Invoker.invokeMethod(Invoker.java:645)
	at org.testng.internal.Invoker.invokeTestMethod(Invoker.java:851)
	at org.testng.internal.Invoker.invokeTestMethods(Invoker.java:1177)
	at org.testng.internal.TestMethodWorker.invokeTestMethods(TestMethodWorker.java:129)
	at org.testng.internal.TestMethodWorker.run(TestMethodWorker.java:112)
	at org.testng.TestRunner.privateRun(TestRunner.java:756)
	at org.testng.TestRunner.run(TestRunner.java:610)
	at org.testng.SuiteRunner.runTest(SuiteRunner.java:387)
	at org.testng.SuiteRunner.runSequentially(SuiteRunner.java:382)
	at org.testng.SuiteRunner.privateRun(SuiteRunner.java:340)
	at org.testng.SuiteRunner.run(SuiteRunner.java:289)
	at org.testng.SuiteRunnerWorker.runSuite(SuiteRunnerWorker.java:52)
	at org.testng.SuiteRunnerWorker.run(SuiteRunnerWorker.java:86)
	at org.testng.TestNG.runSuitesSequentially(TestNG.java:1293)
	at org.testng.TestNG.runSuitesLocally(TestNG.java:1218)
	at org.testng.TestNG.runSuites(TestNG.java:1133)
	at org.testng.TestNG.run(TestNG.java:1104)
	at org.fcrepo.spec.testsuite.App.main(App.java:309)
]]>
    </failure>
  </testcase> <!-- httpHeadResponseHeadersSameAsHttpGet -->
</testsuite> <!-- org.fcrepo.spec.testsuite.crud.HttpHead -->
