<?xml version="1.0" encoding="UTF-8"?>
<!-- Generated by org.testng.reporters.JUnitReportReporter -->
<testsuite name="org.fcrepo.spec.testsuite.versioning.LdpcvHttpOptions" tests="7" time="0.279" ignored="0" failures="1" timestamp="02 Aug 2019 16:44:26 GMT" skipped="2" hostname="deck" errors="0">
  <testcase name="ldpcvMaySupportPost" time="0.037" classname="org.fcrepo.spec.testsuite.versioning.LdpcvHttpOptions">
    <failure type="java.lang.AssertionError" message="Allow with a value of POST must be present but is not! expected [true] but found [false]">
      <![CDATA[java.lang.AssertionError: Allow with a value of POST must be present but is not! expected [true] but found [false]
	at org.testng.Assert.fail(Assert.java:94)
	at org.testng.Assert.failNotEquals(Assert.java:513)
	at org.testng.Assert.assertTrue(Assert.java:42)
	at org.fcrepo.spec.testsuite.versioning.AbstractVersioningTest.confirmPresenceOfHeaderValueInMultiValueHeader(AbstractVersioningTest.java:92)
	at org.fcrepo.spec.testsuite.versioning.LdpcvHttpOptions.ldpcvMaySupportPost(LdpcvHttpOptions.java:172)
	at sun.reflect.NativeMethodAccessorImpl.invoke0(Native Method)
	at sun.reflect.NativeMethodAccessorImpl.invoke(NativeMethodAccessorImpl.java:62)
	at sun.reflect.DelegatingMethodAccessorImpl.invoke(DelegatingMethodAccessorImpl.java:43)
	at java.lang.reflect.Method.invoke(Method.java:498)
	at org.testng.internal.MethodInvocationHelper.invokeMethod(MethodInvocationHelper.java:104)
	at org.testng.internal.Invoker.invokeMethod(Invoker.java:645)
	at org.testng.internal.Invoker.invokeTestMethod(Invoker.java:851)
	at org.testng.internal.Invoker.invokeTestMethods(Invoker.java:1177)
	at org.testng.internal.TestMethodWorker.invokeTestMethods(TestMethodWorker.java:129)
	at org.testng.internal.TestMethodWorker.run(TestMethodWorker.java:112)
	at org.testng.TestRunner.privateRun(TestRunner.java:756)
	at org.testng.TestRunner.run(TestRunner.java:610)
	at org.testng.SuiteRunner.runTest(SuiteRunner.java:387)
	at org.testng.SuiteRunner.runSequentially(SuiteRunner.java:382)
	at org.testng.SuiteRunner.privateRun(SuiteRunner.java:340)
	at org.testng.SuiteRunner.run(SuiteRunner.java:289)
	at org.testng.SuiteRunnerWorker.runSuite(SuiteRunnerWorker.java:52)
	at org.testng.SuiteRunnerWorker.run(SuiteRunnerWorker.java:86)
	at org.testng.TestNG.runSuitesSequentially(TestNG.java:1293)
	at org.testng.TestNG.runSuitesLocally(TestNG.java:1218)
	at org.testng.TestNG.runSuites(TestNG.java:1133)
	at org.testng.TestNG.run(TestNG.java:1104)
	at org.fcrepo.spec.testsuite.App.main(App.java:309)
]]>
    </failure>
  </testcase> <!-- ldpcvMaySupportPost -->
  <testcase name="ldpcvMustReturnAcceptPatchHeaderIfPatchIsSupported" time="0.046" classname="org.fcrepo.spec.testsuite.versioning.LdpcvHttpOptions"/>
  <testcase name="ldpcvMaySupportPatch" time="0.030" classname="org.fcrepo.spec.testsuite.versioning.LdpcvHttpOptions">
    <skipped/>
  </testcase> <!-- ldpcvMaySupportPatch -->
  <testcase name="ldpcvOptionsMustAllowHeadGetOptions" time="0.035" classname="org.fcrepo.spec.testsuite.versioning.LdpcvHttpOptions"/>
  <testcase name="ldpcvMustReturnAcceptPostHeaderIfPostIsSupported" time="0.046" classname="org.fcrepo.spec.testsuite.versioning.LdpcvHttpOptions"/>
  <testcase name="ldpcvMustSupportOptions" time="0.038" classname="org.fcrepo.spec.testsuite.versioning.LdpcvHttpOptions"/>
  <testcase name="ldpcvMaySupportDeleteOption" time="0.047" classname="org.fcrepo.spec.testsuite.versioning.LdpcvHttpOptions">
    <skipped/>
  </testcase> <!-- ldpcvMaySupportDeleteOption -->
</testsuite> <!-- org.fcrepo.spec.testsuite.versioning.LdpcvHttpOptions -->
