<?xml version="1.0" encoding="UTF-8"?>
<!-- Generated by org.testng.reporters.JUnitReportReporter -->
<testsuite name="org.fcrepo.spec.testsuite.crud.StateToken" tests="8" time="0.184" ignored="0" failures="0" timestamp="02 Aug 2019 16:44:26 GMT" skipped="6" hostname="deck" errors="0">
  <testcase name="stateTokenHead" time="0.021" classname="org.fcrepo.spec.testsuite.crud.StateToken">
    <skipped/>
  </testcase> <!-- stateTokenHead -->
  <testcase name="goodStateTokenOnPatchWhenStateTokensSupported" time="0.017" classname="org.fcrepo.spec.testsuite.crud.StateToken">
    <skipped/>
  </testcase> <!-- goodStateTokenOnPatchWhenStateTokensSupported -->
  <testcase name="badStateTokenOnPutWhenStateTokensSupported" time="0.022" classname="org.fcrepo.spec.testsuite.crud.StateToken">
    <skipped/>
  </testcase> <!-- badStateTokenOnPutWhenStateTokensSupported -->
  <testcase name="stateTokenGet" time="0.020" classname="org.fcrepo.spec.testsuite.crud.StateToken">
    <skipped/>
  </testcase> <!-- stateTokenGet -->
  <testcase name="badStateTokenOnPatchWhenStateTokensIgnored" time="0.034" classname="org.fcrepo.spec.testsuite.crud.StateToken"/>
  <testcase name="badStateTokenOnPutWhenStateTokensIgnored" time="0.032" classname="org.fcrepo.spec.testsuite.crud.StateToken"/>
  <testcase name="badStateTokenOnPatchWhenStateTokensSupported" time="0.020" classname="org.fcrepo.spec.testsuite.crud.StateToken">
    <skipped/>
  </testcase> <!-- badStateTokenOnPatchWhenStateTokensSupported -->
  <testcase name="goodStateTokenOnPutSucceedsWhenStateTokensSupported" time="0.018" classname="org.fcrepo.spec.testsuite.crud.StateToken">
    <skipped/>
  </testcase> <!-- goodStateTokenOnPutSucceedsWhenStateTokensSupported -->
</testsuite> <!-- org.fcrepo.spec.testsuite.crud.StateToken -->
