<?xml version="1.0" encoding="UTF-8"?>
<!-- Generated by org.testng.reporters.JUnitReportReporter -->
<testsuite name="org.fcrepo.spec.testsuite.crud.Container" tests="37" time="0.451" ignored="0" failures="3" timestamp="02 Aug 2019 16:44:26 GMT" skipped="33" hostname="deck" errors="0">
  <testcase name="ldpDirectContainerMustAllowIsMemberOfRelationPredicateToBeSetOnCreate" time="0.000" classname="org.fcrepo.spec.testsuite.crud.Container">
    <skipped/>
  </testcase> <!-- ldpDirectContainerMustAllowIsMemberOfRelationPredicateToBeSetOnCreate -->
  <testcase name="ldpIndirectContainerMayAllowLdpIsMemberRelationToBeUpdatedByPatch" time="0.000" classname="org.fcrepo.spec.testsuite.crud.Container">
    <skipped/>
  </testcase> <!-- ldpIndirectContainerMayAllowLdpIsMemberRelationToBeUpdatedByPatch -->
  <testcase name="ldpcMembershipTriples" time="0.085" classname="org.fcrepo.spec.testsuite.crud.Container">
    <failure type="java.lang.AssertionError" message="Unexpected response code: 400">
      <![CDATA[java.lang.AssertionError: Unexpected response code: 400
	at org.testng.Assert.fail(Assert.java:94)
	at org.fcrepo.spec.testsuite.crud.Container.ldpcMembershipTriples(Container.java:243)
	at sun.reflect.NativeMethodAccessorImpl.invoke0(Native Method)
	at sun.reflect.NativeMethodAccessorImpl.invoke(NativeMethodAccessorImpl.java:62)
	at sun.reflect.DelegatingMethodAccessorImpl.invoke(DelegatingMethodAccessorImpl.java:43)
	at java.lang.reflect.Method.invoke(Method.java:498)
	at org.testng.internal.MethodInvocationHelper.invokeMethod(MethodInvocationHelper.java:104)
	at org.testng.internal.Invoker.invokeMethod(Invoker.java:645)
	at org.testng.internal.Invoker.invokeTestMethod(Invoker.java:851)
	at org.testng.internal.Invoker.invokeTestMethods(Invoker.java:1177)
	at org.testng.internal.TestMethodWorker.invokeTestMethods(TestMethodWorker.java:129)
	at org.testng.internal.TestMethodWorker.run(TestMethodWorker.java:112)
	at org.testng.TestRunner.privateRun(TestRunner.java:756)
	at org.testng.TestRunner.run(TestRunner.java:610)
	at org.testng.SuiteRunner.runTest(SuiteRunner.java:387)
	at org.testng.SuiteRunner.runSequentially(SuiteRunner.java:382)
	at org.testng.SuiteRunner.privateRun(SuiteRunner.java:340)
	at org.testng.SuiteRunner.run(SuiteRunner.java:289)
	at org.testng.SuiteRunnerWorker.runSuite(SuiteRunnerWorker.java:52)
	at org.testng.SuiteRunnerWorker.run(SuiteRunnerWorker.java:86)
	at org.testng.TestNG.runSuitesSequentially(TestNG.java:1293)
	at org.testng.TestNG.runSuitesLocally(TestNG.java:1218)
	at org.testng.TestNG.runSuites(TestNG.java:1133)
	at org.testng.TestNG.run(TestNG.java:1104)
	at org.fcrepo.spec.testsuite.App.main(App.java:309)
]]>
    </failure>
  </testcase> <!-- ldpcMembershipTriples -->
  <testcase name="ldpIndirectContainerMayAllowLdpHasMemberRelationToBeUpdatedByPatch" time="0.003" classname="org.fcrepo.spec.testsuite.crud.Container">
    <skipped/>
  </testcase> <!-- ldpIndirectContainerMayAllowLdpHasMemberRelationToBeUpdatedByPatch -->
  <testcase name="ldpIndirectContainerMustAllowInsertedContentRelationToBeSetByDefault" time="0.000" classname="org.fcrepo.spec.testsuite.crud.Container">
    <skipped/>
  </testcase> <!-- ldpIndirectContainerMustAllowInsertedContentRelationToBeSetByDefault -->
  <testcase name="ldpIndirectContainerMayAllowLdpMembershipToBeUpdatedByPut" time="0.000" classname="org.fcrepo.spec.testsuite.crud.Container">
    <skipped/>
  </testcase> <!-- ldpIndirectContainerMayAllowLdpMembershipToBeUpdatedByPut -->
  <testcase name="ldpIndirectContainerMustAllowIsMemberOfRelationPredicateToBeSetOnCreate" time="0.001" classname="org.fcrepo.spec.testsuite.crud.Container">
    <skipped/>
  </testcase> <!-- ldpIndirectContainerMustAllowIsMemberOfRelationPredicateToBeSetOnCreate -->
  <testcase name="ldpIndirectContainerShouldUseLdpMemberSubjectByDefault" time="0.000" classname="org.fcrepo.spec.testsuite.crud.Container">
    <skipped/>
  </testcase> <!-- ldpIndirectContainerShouldUseLdpMemberSubjectByDefault -->
  <testcase name="ldpDirectContainerMayAllowLdpMembershipToBeUpdatedByPatch" time="0.000" classname="org.fcrepo.spec.testsuite.crud.Container">
    <skipped/>
  </testcase> <!-- ldpDirectContainerMayAllowLdpMembershipToBeUpdatedByPatch -->
  <testcase name="ldpIndirectContainerMustAllowMembershipConstantURIToBeSet" time="0.000" classname="org.fcrepo.spec.testsuite.crud.Container">
    <skipped/>
  </testcase> <!-- ldpIndirectContainerMustAllowMembershipConstantURIToBeSet -->
  <testcase name="ldpcMinimalContainerTriples" time="0.122" classname="org.fcrepo.spec.testsuite.crud.Container">
    <failure type="java.lang.AssertionError" message="1 expectation failed.
Expected status code &lt;201&gt; but was &lt;400&gt;.
">
      <![CDATA[java.lang.AssertionError: 1 expectation failed.
Expected status code <201> but was <400>.

	at sun.reflect.NativeConstructorAccessorImpl.newInstance0(Native Method)
	at sun.reflect.NativeConstructorAccessorImpl.newInstance(NativeConstructorAccessorImpl.java:62)
	at sun.reflect.DelegatingConstructorAccessorImpl.newInstance(DelegatingConstructorAccessorImpl.java:45)
	at java.lang.reflect.Constructor.newInstance(Constructor.java:423)
	at org.codehaus.groovy.reflection.CachedConstructor.invoke(CachedConstructor.java:83)
	at org.codehaus.groovy.reflection.CachedConstructor.doConstructorInvoke(CachedConstructor.java:77)
	at org.codehaus.groovy.runtime.callsite.ConstructorSite$ConstructorSiteNoUnwrap.callConstructor(ConstructorSite.java:84)
	at org.codehaus.groovy.runtime.callsite.AbstractCallSite.callConstructor(AbstractCallSite.java:247)
	at io.restassured.internal.ResponseSpecificationImpl$HamcrestAssertionClosure.validate(ResponseSpecificationImpl.groovy:483)
	at io.restassured.internal.ResponseSpecificationImpl$HamcrestAssertionClosure$validate$1.call(Unknown Source)
	at io.restassured.internal.ResponseSpecificationImpl.validateResponseIfRequired(ResponseSpecificationImpl.groovy:655)
	at sun.reflect.NativeMethodAccessorImpl.invoke0(Native Method)
	at sun.reflect.NativeMethodAccessorImpl.invoke(NativeMethodAccessorImpl.java:62)
	at sun.reflect.DelegatingMethodAccessorImpl.invoke(DelegatingMethodAccessorImpl.java:43)
	at java.lang.reflect.Method.invoke(Method.java:498)
	at org.codehaus.groovy.runtime.callsite.PogoMetaMethodSite$PogoCachedMethodSiteNoUnwrapNoCoerce.invoke(PogoMetaMethodSite.java:210)
	at org.codehaus.groovy.runtime.callsite.PogoMetaMethodSite.callCurrent(PogoMetaMethodSite.java:59)
	at org.codehaus.groovy.runtime.callsite.AbstractCallSite.callCurrent(AbstractCallSite.java:166)
	at io.restassured.internal.ResponseSpecificationImpl.statusCode(ResponseSpecificationImpl.groovy:123)
	at io.restassured.specification.ResponseSpecification$statusCode$0.callCurrent(Unknown Source)
	at io.restassured.internal.ResponseSpecificationImpl.statusCode(ResponseSpecificationImpl.groovy:131)
	at io.restassured.internal.ValidatableResponseOptionsImpl.statusCode(ValidatableResponseOptionsImpl.java:119)
	at org.fcrepo.spec.testsuite.AbstractTest.createDirectContainer(AbstractTest.java:196)
	at org.fcrepo.spec.testsuite.crud.Container.ldpcMinimalContainerTriples(Container.java:266)
	at sun.reflect.NativeMethodAccessorImpl.invoke0(Native Method)
	at sun.reflect.NativeMethodAccessorImpl.invoke(NativeMethodAccessorImpl.java:62)
	at sun.reflect.DelegatingMethodAccessorImpl.invoke(DelegatingMethodAccessorImpl.java:43)
	at java.lang.reflect.Method.invoke(Method.java:498)
	at org.testng.internal.MethodInvocationHelper.invokeMethod(MethodInvocationHelper.java:104)
	at org.testng.internal.Invoker.invokeMethod(Invoker.java:645)
	at org.testng.internal.Invoker.invokeTestMethod(Invoker.java:851)
	at org.testng.internal.Invoker.invokeTestMethods(Invoker.java:1177)
	at org.testng.internal.TestMethodWorker.invokeTestMethods(TestMethodWorker.java:129)
	at org.testng.internal.TestMethodWorker.run(TestMethodWorker.java:112)
	at org.testng.TestRunner.privateRun(TestRunner.java:756)
	at org.testng.TestRunner.run(TestRunner.java:610)
	at org.testng.SuiteRunner.runTest(SuiteRunner.java:387)
	at org.testng.SuiteRunner.runSequentially(SuiteRunner.java:382)
	at org.testng.SuiteRunner.privateRun(SuiteRunner.java:340)
	at org.testng.SuiteRunner.run(SuiteRunner.java:289)
	at org.testng.SuiteRunnerWorker.runSuite(SuiteRunnerWorker.java:52)
	at org.testng.SuiteRunnerWorker.run(SuiteRunnerWorker.java:86)
	at org.testng.TestNG.runSuitesSequentially(TestNG.java:1293)
	at org.testng.TestNG.runSuitesLocally(TestNG.java:1218)
	at org.testng.TestNG.runSuites(TestNG.java:1133)
	at org.testng.TestNG.run(TestNG.java:1104)
	at org.fcrepo.spec.testsuite.App.main(App.java:309)
]]>
    </failure>
  </testcase> <!-- ldpcMinimalContainerTriples -->
  <testcase name="ldpIndirectContainerMayAllowLdpHasMemberRelationPredicateToBeUpdatedByPut" time="0.000" classname="org.fcrepo.spec.testsuite.crud.Container">
    <skipped/>
  </testcase> <!-- ldpIndirectContainerMayAllowLdpHasMemberRelationPredicateToBeUpdatedByPut -->
  <testcase name="ldpIndirectContainerMayAllowLdpIsMemberRelationPredicateToBeUpdatedByPut" time="0.000" classname="org.fcrepo.spec.testsuite.crud.Container">
    <skipped/>
  </testcase> <!-- ldpIndirectContainerMayAllowLdpIsMemberRelationPredicateToBeUpdatedByPut -->
  <testcase name="ldpDirectContainerMayAllowLdpMembershipToBeUpdatedByPut" time="0.000" classname="org.fcrepo.spec.testsuite.crud.Container">
    <skipped/>
  </testcase> <!-- ldpDirectContainerMayAllowLdpMembershipToBeUpdatedByPut -->
  <testcase name="ldpIndirectContainerMustSetLdpMembershipResourceByDefault" time="0.000" classname="org.fcrepo.spec.testsuite.crud.Container">
    <skipped/>
  </testcase> <!-- ldpIndirectContainerMustSetLdpMembershipResourceByDefault -->
  <testcase name="ldpIndirectContainerMayAllowLdpInsertedContentRelationPredicateToBeUpdatedByPut" time="0.001" classname="org.fcrepo.spec.testsuite.crud.Container">
    <skipped/>
  </testcase> <!-- ldpIndirectContainerMayAllowLdpInsertedContentRelationPredicateToBeUpdatedByPut -->
  <testcase name="ldpcContainmentTriples" time="0.081" classname="org.fcrepo.spec.testsuite.crud.Container">
    <failure type="java.lang.AssertionError" message="1 expectation failed.
Expected status code &lt;201&gt; but was &lt;400&gt;.
">
      <![CDATA[java.lang.AssertionError: 1 expectation failed.
Expected status code <201> but was <400>.

	at sun.reflect.NativeConstructorAccessorImpl.newInstance0(Native Method)
	at sun.reflect.NativeConstructorAccessorImpl.newInstance(NativeConstructorAccessorImpl.java:62)
	at sun.reflect.DelegatingConstructorAccessorImpl.newInstance(DelegatingConstructorAccessorImpl.java:45)
	at java.lang.reflect.Constructor.newInstance(Constructor.java:423)
	at org.codehaus.groovy.reflection.CachedConstructor.invoke(CachedConstructor.java:83)
	at org.codehaus.groovy.reflection.CachedConstructor.doConstructorInvoke(CachedConstructor.java:77)
	at org.codehaus.groovy.runtime.callsite.ConstructorSite$ConstructorSiteNoUnwrap.callConstructor(ConstructorSite.java:84)
	at org.codehaus.groovy.runtime.callsite.CallSiteArray.defaultCallConstructor(CallSiteArray.java:60)
	at org.codehaus.groovy.runtime.callsite.AbstractCallSite.callConstructor(AbstractCallSite.java:235)
	at org.codehaus.groovy.runtime.callsite.AbstractCallSite.callConstructor(AbstractCallSite.java:247)
	at io.restassured.internal.ResponseSpecificationImpl$HamcrestAssertionClosure.validate(ResponseSpecificationImpl.groovy:483)
	at io.restassured.internal.ResponseSpecificationImpl$HamcrestAssertionClosure$validate$1.call(Unknown Source)
	at io.restassured.internal.ResponseSpecificationImpl.validateResponseIfRequired(ResponseSpecificationImpl.groovy:655)
	at sun.reflect.NativeMethodAccessorImpl.invoke0(Native Method)
	at sun.reflect.NativeMethodAccessorImpl.invoke(NativeMethodAccessorImpl.java:62)
	at sun.reflect.DelegatingMethodAccessorImpl.invoke(DelegatingMethodAccessorImpl.java:43)
	at java.lang.reflect.Method.invoke(Method.java:498)
	at org.codehaus.groovy.runtime.callsite.PogoMetaMethodSite$PogoCachedMethodSiteNoUnwrapNoCoerce.invoke(PogoMetaMethodSite.java:210)
	at org.codehaus.groovy.runtime.callsite.PogoMetaMethodSite.callCurrent(PogoMetaMethodSite.java:59)
	at org.codehaus.groovy.runtime.callsite.AbstractCallSite.callCurrent(AbstractCallSite.java:166)
	at io.restassured.internal.ResponseSpecificationImpl.statusCode(ResponseSpecificationImpl.groovy:123)
	at io.restassured.specification.ResponseSpecification$statusCode$0.callCurrent(Unknown Source)
	at io.restassured.internal.ResponseSpecificationImpl.statusCode(ResponseSpecificationImpl.groovy:131)
	at io.restassured.internal.ValidatableResponseOptionsImpl.statusCode(ValidatableResponseOptionsImpl.java:119)
	at org.fcrepo.spec.testsuite.AbstractTest.createDirectContainer(AbstractTest.java:196)
	at org.fcrepo.spec.testsuite.crud.Container.ldpcContainmentTriples(Container.java:141)
	at sun.reflect.NativeMethodAccessorImpl.invoke0(Native Method)
	at sun.reflect.NativeMethodAccessorImpl.invoke(NativeMethodAccessorImpl.java:62)
	at sun.reflect.DelegatingMethodAccessorImpl.invoke(DelegatingMethodAccessorImpl.java:43)
	at java.lang.reflect.Method.invoke(Method.java:498)
	at org.testng.internal.MethodInvocationHelper.invokeMethod(MethodInvocationHelper.java:104)
	at org.testng.internal.Invoker.invokeMethod(Invoker.java:645)
	at org.testng.internal.Invoker.invokeTestMethod(Invoker.java:851)
	at org.testng.internal.Invoker.invokeTestMethods(Invoker.java:1177)
	at org.testng.internal.TestMethodWorker.invokeTestMethods(TestMethodWorker.java:129)
	at org.testng.internal.TestMethodWorker.run(TestMethodWorker.java:112)
	at org.testng.TestRunner.privateRun(TestRunner.java:756)
	at org.testng.TestRunner.run(TestRunner.java:610)
	at org.testng.SuiteRunner.runTest(SuiteRunner.java:387)
	at org.testng.SuiteRunner.runSequentially(SuiteRunner.java:382)
	at org.testng.SuiteRunner.privateRun(SuiteRunner.java:340)
	at org.testng.SuiteRunner.run(SuiteRunner.java:289)
	at org.testng.SuiteRunnerWorker.runSuite(SuiteRunnerWorker.java:52)
	at org.testng.SuiteRunnerWorker.run(SuiteRunnerWorker.java:86)
	at org.testng.TestNG.runSuitesSequentially(TestNG.java:1293)
	at org.testng.TestNG.runSuitesLocally(TestNG.java:1218)
	at org.testng.TestNG.runSuites(TestNG.java:1133)
	at org.testng.TestNG.run(TestNG.java:1104)
	at org.fcrepo.spec.testsuite.App.main(App.java:309)
]]>
    </failure>
  </testcase> <!-- ldpcContainmentTriples -->
  <testcase name="ldpIndirectContainerMustAllowHasMemberRelationPredicateToBeSetOnCreate" time="0.000" classname="org.fcrepo.spec.testsuite.crud.Container">
    <skipped/>
  </testcase> <!-- ldpIndirectContainerMustAllowHasMemberRelationPredicateToBeSetOnCreate -->
  <testcase name="createLDPIndirectContainer" time="0.033" classname="org.fcrepo.spec.testsuite.crud.Container">
    <skipped/>
  </testcase> <!-- createLDPIndirectContainer -->
  <testcase name="ldpIndirectContainerShouldUseLdpMemberByDefault" time="0.001" classname="org.fcrepo.spec.testsuite.crud.Container">
    <skipped/>
  </testcase> <!-- ldpIndirectContainerShouldUseLdpMemberByDefault -->
  <testcase name="ldpDirectContainerMustSetLdpMembershipResourceByDefault" time="0.001" classname="org.fcrepo.spec.testsuite.crud.Container">
    <skipped/>
  </testcase> <!-- ldpDirectContainerMustSetLdpMembershipResourceByDefault -->
  <testcase name="ldpIndirectContainerMustAllowMembershipPredicateToBeSetByDefault" time="0.000" classname="org.fcrepo.spec.testsuite.crud.Container">
    <skipped/>
  </testcase> <!-- ldpIndirectContainerMustAllowMembershipPredicateToBeSetByDefault -->
  <testcase name="ldpDirectContainerMustAllowHasMemberRelationPredicateToBeSetOnCreate" time="0.000" classname="org.fcrepo.spec.testsuite.crud.Container">
    <skipped/>
  </testcase> <!-- ldpDirectContainerMustAllowHasMemberRelationPredicateToBeSetOnCreate -->
  <testcase name="ldpIndirectContainerMayAllowLdpMembershipToBeUpdatedByPatch" time="0.001" classname="org.fcrepo.spec.testsuite.crud.Container">
    <skipped/>
  </testcase> <!-- ldpIndirectContainerMayAllowLdpMembershipToBeUpdatedByPatch -->
  <testcase name="ldpDirectContainerMayAllowLdpIsMemberRelationToBeUpdatedByPatch" time="0.000" classname="org.fcrepo.spec.testsuite.crud.Container">
    <skipped/>
  </testcase> <!-- ldpDirectContainerMayAllowLdpIsMemberRelationToBeUpdatedByPatch -->
  <testcase name="ldpDirectContainerMustSetLdpMembershipResourceValueToLDPCByDefault" time="0.000" classname="org.fcrepo.spec.testsuite.crud.Container">
    <skipped/>
  </testcase> <!-- ldpDirectContainerMustSetLdpMembershipResourceValueToLDPCByDefault -->
  <testcase name="ldpIndirectContainerMustAllowInsertedContentRelationPredicateToBeSetOnCreate" time="0.000" classname="org.fcrepo.spec.testsuite.crud.Container">
    <skipped/>
  </testcase> <!-- ldpIndirectContainerMustAllowInsertedContentRelationPredicateToBeSetOnCreate -->
  <testcase name="ldpDirectContainerMustAllowMembershipPredicateToBeSetByDefault" time="0.001" classname="org.fcrepo.spec.testsuite.crud.Container">
    <skipped/>
  </testcase> <!-- ldpDirectContainerMustAllowMembershipPredicateToBeSetByDefault -->
  <testcase name="ldpDirectContainerMustAllowMembershipConstantURIToBeSet" time="0.000" classname="org.fcrepo.spec.testsuite.crud.Container">
    <skipped/>
  </testcase> <!-- ldpDirectContainerMustAllowMembershipConstantURIToBeSet -->
  <testcase name="ldpDirectContainerMayAllowLdpHasMemberRelationPredicateToBeUpdatedByPut" time="0.001" classname="org.fcrepo.spec.testsuite.crud.Container">
    <skipped/>
  </testcase> <!-- ldpDirectContainerMayAllowLdpHasMemberRelationPredicateToBeUpdatedByPut -->
  <testcase name="ldpDirectContainerShouldUseLdpMemberByDefault" time="0.000" classname="org.fcrepo.spec.testsuite.crud.Container">
    <skipped/>
  </testcase> <!-- ldpDirectContainerShouldUseLdpMemberByDefault -->
  <testcase name="ldpIndirectContainerMustSetLdpMembershipResourceValueToLDPCByDefault" time="0.000" classname="org.fcrepo.spec.testsuite.crud.Container">
    <skipped/>
  </testcase> <!-- ldpIndirectContainerMustSetLdpMembershipResourceValueToLDPCByDefault -->
  <testcase name="createLDPDirectContainer" time="0.046" classname="org.fcrepo.spec.testsuite.crud.Container">
    <skipped/>
  </testcase> <!-- createLDPDirectContainer -->
  <testcase name="ldpDirectContainerMayAllowLdpIsMemberRelationPredicateToBeUpdatedByPut" time="0.000" classname="org.fcrepo.spec.testsuite.crud.Container">
    <skipped/>
  </testcase> <!-- ldpDirectContainerMayAllowLdpIsMemberRelationPredicateToBeUpdatedByPut -->
  <testcase name="ldpIndirectContainerMayAllowLdpInsertedContentRelationToBeUpdatedByPatch" time="0.000" classname="org.fcrepo.spec.testsuite.crud.Container">
    <skipped/>
  </testcase> <!-- ldpIndirectContainerMayAllowLdpInsertedContentRelationToBeUpdatedByPatch -->
  <testcase name="ldpDirectContainerMayAllowLdpHasMemberRelationToBeUpdatedByPatch" time="0.001" classname="org.fcrepo.spec.testsuite.crud.Container">
    <skipped/>
  </testcase> <!-- ldpDirectContainerMayAllowLdpHasMemberRelationToBeUpdatedByPatch -->
  <testcase name="createLDPC" time="0.073" classname="org.fcrepo.spec.testsuite.crud.Container"/>
</testsuite> <!-- org.fcrepo.spec.testsuite.crud.Container -->
