<?xml version="1.0" encoding="UTF-8"?>
<!-- Generated by org.testng.reporters.JUnitReportReporter -->
<testsuite name="org.fcrepo.spec.testsuite.authz.WebACLinkHeaders" tests="3" time="0.132" ignored="0" failures="0" timestamp="02 Aug 2019 16:44:26 GMT" skipped="0" hostname="deck" errors="0">
  <testcase name="aclOnSameServer" time="0.030" classname="org.fcrepo.spec.testsuite.authz.WebACLinkHeaders"/>
  <testcase name="linkToAclNonexisting" time="0.026" classname="org.fcrepo.spec.testsuite.authz.WebACLinkHeaders"/>
  <testcase name="linkToAclExisting" time="0.076" classname="org.fcrepo.spec.testsuite.authz.WebACLinkHeaders"/>
</testsuite> <!-- org.fcrepo.spec.testsuite.authz.WebACLinkHeaders -->
