<?xml version="1.0" encoding="UTF-8"?>
<!-- Generated by org.testng.reporters.JUnitReportReporter -->
<testsuite name="org.fcrepo.spec.testsuite.crud.ExternalBinaryContent" tests="35" time="0.062" ignored="0" failures="2" timestamp="02 Aug 2019 16:48:21 GMT" skipped="33" hostname="deck" errors="0">
  <testcase name="binaryContentNoTypeUnsupported" time="0.000" classname="org.fcrepo.spec.testsuite.crud.ExternalBinaryContent">
    <skipped/>
  </testcase> <!-- binaryContentNoTypeUnsupported -->
  <testcase name="binaryContentRedirectStatusHead" time="0.000" classname="org.fcrepo.spec.testsuite.crud.ExternalBinaryContent">
    <skipped/>
  </testcase> <!-- binaryContentRedirectStatusHead -->
  <testcase name="binaryContentOptions" time="0.000" classname="org.fcrepo.spec.testsuite.crud.ExternalBinaryContent">
    <skipped/>
  </testcase> <!-- binaryContentOptions -->
  <testcase name="binaryContentContentTypeAndNoType" time="0.007" classname="org.fcrepo.spec.testsuite.crud.ExternalBinaryContent">
    <skipped/>
  </testcase> <!-- binaryContentContentTypeAndNoType -->
  <testcase name="putCreateExternalBinaryContentProxy" time="0.000" classname="org.fcrepo.spec.testsuite.crud.ExternalBinaryContent">
    <skipped/>
  </testcase> <!-- putCreateExternalBinaryContentProxy -->
  <testcase name="putUpdateExternalBinaryContentCopy" time="0.000" classname="org.fcrepo.spec.testsuite.crud.ExternalBinaryContent">
    <skipped/>
  </testcase> <!-- putUpdateExternalBinaryContentCopy -->
  <testcase name="putUpdateExternalFileUriBinaryRedirect" time="0.001" classname="org.fcrepo.spec.testsuite.crud.ExternalBinaryContent">
    <skipped/>
  </testcase> <!-- putUpdateExternalFileUriBinaryRedirect -->
  <testcase name="binaryContentRedirectWantDigest" time="0.000" classname="org.fcrepo.spec.testsuite.crud.ExternalBinaryContent">
    <skipped/>
  </testcase> <!-- binaryContentRedirectWantDigest -->
  <testcase name="postCreateExternalBinaryContentRedirect" time="0.000" classname="org.fcrepo.spec.testsuite.crud.ExternalBinaryContent">
    <skipped/>
  </testcase> <!-- postCreateExternalBinaryContentRedirect -->
  <testcase name="binaryContentGuaranteeHeaders" time="0.001" classname="org.fcrepo.spec.testsuite.crud.ExternalBinaryContent">
    <skipped/>
  </testcase> <!-- binaryContentGuaranteeHeaders -->
  <testcase name="putUpdateExternalFileUriBinaryCopy" time="0.000" classname="org.fcrepo.spec.testsuite.crud.ExternalBinaryContent">
    <skipped/>
  </testcase> <!-- putUpdateExternalFileUriBinaryCopy -->
  <testcase name="postCreateExternalBinaryContentProxy" time="0.001" classname="org.fcrepo.spec.testsuite.crud.ExternalBinaryContent">
    <skipped/>
  </testcase> <!-- postCreateExternalBinaryContentProxy -->
  <testcase name="putUpdateExternalBinaryContentRedirect" time="0.000" classname="org.fcrepo.spec.testsuite.crud.ExternalBinaryContent">
    <skipped/>
  </testcase> <!-- putUpdateExternalBinaryContentRedirect -->
  <testcase name="binaryContentMediaType" time="0.000" classname="org.fcrepo.spec.testsuite.crud.ExternalBinaryContent">
    <skipped/>
  </testcase> <!-- binaryContentMediaType -->
  <testcase name="putUpdateExternalBinaryContentProxy" time="0.000" classname="org.fcrepo.spec.testsuite.crud.ExternalBinaryContent">
    <skipped/>
  </testcase> <!-- putUpdateExternalBinaryContentProxy -->
  <testcase name="binaryContentNoTypeDefault" time="0.000" classname="org.fcrepo.spec.testsuite.crud.ExternalBinaryContent">
    <skipped/>
  </testcase> <!-- binaryContentNoTypeDefault -->
  <testcase name="putUpdateExternalFileUriBinaryProxy" time="0.001" classname="org.fcrepo.spec.testsuite.crud.ExternalBinaryContent">
    <skipped/>
  </testcase> <!-- putUpdateExternalFileUriBinaryProxy -->
  <testcase name="putCreateExternalFileUriBinaryCopy" time="0.000" classname="org.fcrepo.spec.testsuite.crud.ExternalBinaryContent">
    <skipped/>
  </testcase> <!-- putCreateExternalFileUriBinaryCopy -->
  <testcase name="unsupportedBinaryContentHandlingAttribute" time="0.000" classname="org.fcrepo.spec.testsuite.crud.ExternalBinaryContent">
    <skipped/>
  </testcase> <!-- unsupportedBinaryContentHandlingAttribute -->
  <testcase name="postCreateExternalFileUriBinaryProxy" time="0.000" classname="org.fcrepo.spec.testsuite.crud.ExternalBinaryContent">
    <skipped/>
  </testcase> <!-- postCreateExternalFileUriBinaryProxy -->
  <testcase name="binaryContentRedirectStatusGet" time="0.000" classname="org.fcrepo.spec.testsuite.crud.ExternalBinaryContent">
    <skipped/>
  </testcase> <!-- binaryContentRedirectStatusGet -->
  <testcase name="putCreateExternalFileUriBinaryProxy" time="0.000" classname="org.fcrepo.spec.testsuite.crud.ExternalBinaryContent">
    <skipped/>
  </testcase> <!-- putCreateExternalFileUriBinaryProxy -->
  <testcase name="externalBinaryContentHandlingAttribute" time="0.000" classname="org.fcrepo.spec.testsuite.crud.ExternalBinaryContent">
    <skipped/>
  </testcase> <!-- externalBinaryContentHandlingAttribute -->
  <testcase name="putCreateExternalBinaryContentRedirect" time="0.000" classname="org.fcrepo.spec.testsuite.crud.ExternalBinaryContent">
    <skipped/>
  </testcase> <!-- putCreateExternalBinaryContentRedirect -->
  <testcase name="postCreateExternalFileUriBinaryCopy" time="0.000" classname="org.fcrepo.spec.testsuite.crud.ExternalBinaryContent">
    <skipped/>
  </testcase> <!-- postCreateExternalFileUriBinaryCopy -->
  <testcase name="binaryContentProxyWantDigest" time="0.001" classname="org.fcrepo.spec.testsuite.crud.ExternalBinaryContent">
    <skipped/>
  </testcase> <!-- binaryContentProxyWantDigest -->
  <testcase name="unsupportedExternalBinaryContentConstraint" time="0.027" classname="org.fcrepo.spec.testsuite.crud.ExternalBinaryContent">
    <failure type="java.lang.AssertionError" message="Response does not contain a link of rel type = http://www.w3.org/ns/ldp#constrainedBy">
      <![CDATA[java.lang.AssertionError: Response does not contain a link of rel type = http://www.w3.org/ns/ldp#constrainedBy
	at org.testng.AssertJUnit.fail(AssertJUnit.java:59)
	at org.fcrepo.spec.testsuite.AbstractTest.confirmPresenceOfConstrainedByLink(AbstractTest.java:558)
	at org.fcrepo.spec.testsuite.crud.ExternalBinaryContent.unsupportedExternalBinaryContentConstraint(ExternalBinaryContent.java:536)
	at sun.reflect.NativeMethodAccessorImpl.invoke0(Native Method)
	at sun.reflect.NativeMethodAccessorImpl.invoke(NativeMethodAccessorImpl.java:62)
	at sun.reflect.DelegatingMethodAccessorImpl.invoke(DelegatingMethodAccessorImpl.java:43)
	at java.lang.reflect.Method.invoke(Method.java:498)
	at org.testng.internal.MethodInvocationHelper.invokeMethod(MethodInvocationHelper.java:104)
	at org.testng.internal.Invoker.invokeMethod(Invoker.java:645)
	at org.testng.internal.Invoker.invokeTestMethod(Invoker.java:851)
	at org.testng.internal.Invoker.invokeTestMethods(Invoker.java:1177)
	at org.testng.internal.TestMethodWorker.invokeTestMethods(TestMethodWorker.java:129)
	at org.testng.internal.TestMethodWorker.run(TestMethodWorker.java:112)
	at org.testng.TestRunner.privateRun(TestRunner.java:756)
	at org.testng.TestRunner.run(TestRunner.java:610)
	at org.testng.SuiteRunner.runTest(SuiteRunner.java:387)
	at org.testng.SuiteRunner.runSequentially(SuiteRunner.java:382)
	at org.testng.SuiteRunner.privateRun(SuiteRunner.java:340)
	at org.testng.SuiteRunner.run(SuiteRunner.java:289)
	at org.testng.SuiteRunnerWorker.runSuite(SuiteRunnerWorker.java:52)
	at org.testng.SuiteRunnerWorker.run(SuiteRunnerWorker.java:86)
	at org.testng.TestNG.runSuitesSequentially(TestNG.java:1293)
	at org.testng.TestNG.runSuitesLocally(TestNG.java:1218)
	at org.testng.TestNG.runSuites(TestNG.java:1133)
	at org.testng.TestNG.run(TestNG.java:1104)
	at org.fcrepo.spec.testsuite.App.main(App.java:309)
]]>
    </failure>
  </testcase> <!-- unsupportedExternalBinaryContentConstraint -->
  <testcase name="putCreateExternalBinaryContentCopy" time="0.000" classname="org.fcrepo.spec.testsuite.crud.ExternalBinaryContent">
    <skipped/>
  </testcase> <!-- putCreateExternalBinaryContentCopy -->
  <testcase name="unsupportedExternalBinaryContentStatus" time="0.023" classname="org.fcrepo.spec.testsuite.crud.ExternalBinaryContent">
    <failure type="java.lang.AssertionError" message="1 expectation failed.
Expected status code (a value equal to or greater than &lt;400&gt; and a value less than &lt;500&gt;) but a value equal to or greater than &lt;400&gt; &lt;201&gt; was less than &lt;400&gt;.
">
      <![CDATA[java.lang.AssertionError: 1 expectation failed.
Expected status code (a value equal to or greater than <400> and a value less than <500>) but a value equal to or greater than <400> <201> was less than <400>.

	at sun.reflect.GeneratedConstructorAccessor61.newInstance(Unknown Source)
	at sun.reflect.DelegatingConstructorAccessorImpl.newInstance(DelegatingConstructorAccessorImpl.java:45)
	at java.lang.reflect.Constructor.newInstance(Constructor.java:423)
	at org.codehaus.groovy.reflection.CachedConstructor.invoke(CachedConstructor.java:83)
	at org.codehaus.groovy.reflection.CachedConstructor.doConstructorInvoke(CachedConstructor.java:77)
	at org.codehaus.groovy.runtime.callsite.ConstructorSite$ConstructorSiteNoUnwrap.callConstructor(ConstructorSite.java:84)
	at org.codehaus.groovy.runtime.callsite.AbstractCallSite.callConstructor(AbstractCallSite.java:247)
	at io.restassured.internal.ResponseSpecificationImpl$HamcrestAssertionClosure.validate(ResponseSpecificationImpl.groovy:483)
	at io.restassured.internal.ResponseSpecificationImpl$HamcrestAssertionClosure$validate$1.call(Unknown Source)
	at io.restassured.internal.ResponseSpecificationImpl.validateResponseIfRequired(ResponseSpecificationImpl.groovy:655)
	at sun.reflect.GeneratedMethodAccessor142.invoke(Unknown Source)
	at sun.reflect.DelegatingMethodAccessorImpl.invoke(DelegatingMethodAccessorImpl.java:43)
	at java.lang.reflect.Method.invoke(Method.java:498)
	at org.codehaus.groovy.runtime.callsite.PogoMetaMethodSite$PogoCachedMethodSiteNoUnwrapNoCoerce.invoke(PogoMetaMethodSite.java:210)
	at org.codehaus.groovy.runtime.callsite.PogoMetaMethodSite.callCurrent(PogoMetaMethodSite.java:59)
	at org.codehaus.groovy.runtime.callsite.AbstractCallSite.callCurrent(AbstractCallSite.java:166)
	at io.restassured.internal.ResponseSpecificationImpl.statusCode(ResponseSpecificationImpl.groovy:123)
	at io.restassured.internal.ValidatableResponseOptionsImpl.statusCode(ValidatableResponseOptionsImpl.java:114)
	at org.fcrepo.spec.testsuite.crud.ExternalBinaryContent.unsupportedExternalBinaryContentStatus(ExternalBinaryContent.java:514)
	at sun.reflect.NativeMethodAccessorImpl.invoke0(Native Method)
	at sun.reflect.NativeMethodAccessorImpl.invoke(NativeMethodAccessorImpl.java:62)
	at sun.reflect.DelegatingMethodAccessorImpl.invoke(DelegatingMethodAccessorImpl.java:43)
	at java.lang.reflect.Method.invoke(Method.java:498)
	at org.testng.internal.MethodInvocationHelper.invokeMethod(MethodInvocationHelper.java:104)
	at org.testng.internal.Invoker.invokeMethod(Invoker.java:645)
	at org.testng.internal.Invoker.invokeTestMethod(Invoker.java:851)
	at org.testng.internal.Invoker.invokeTestMethods(Invoker.java:1177)
	at org.testng.internal.TestMethodWorker.invokeTestMethods(TestMethodWorker.java:129)
	at org.testng.internal.TestMethodWorker.run(TestMethodWorker.java:112)
	at org.testng.TestRunner.privateRun(TestRunner.java:756)
	at org.testng.TestRunner.run(TestRunner.java:610)
	at org.testng.SuiteRunner.runTest(SuiteRunner.java:387)
	at org.testng.SuiteRunner.runSequentially(SuiteRunner.java:382)
	at org.testng.SuiteRunner.privateRun(SuiteRunner.java:340)
	at org.testng.SuiteRunner.run(SuiteRunner.java:289)
	at org.testng.SuiteRunnerWorker.runSuite(SuiteRunnerWorker.java:52)
	at org.testng.SuiteRunnerWorker.run(SuiteRunnerWorker.java:86)
	at org.testng.TestNG.runSuitesSequentially(TestNG.java:1293)
	at org.testng.TestNG.runSuitesLocally(TestNG.java:1218)
	at org.testng.TestNG.runSuites(TestNG.java:1133)
	at org.testng.TestNG.run(TestNG.java:1104)
	at org.fcrepo.spec.testsuite.App.main(App.java:309)
]]>
    </failure>
  </testcase> <!-- unsupportedExternalBinaryContentStatus -->
  <testcase name="binaryContentContentTypeAndType" time="0.000" classname="org.fcrepo.spec.testsuite.crud.ExternalBinaryContent">
    <skipped/>
  </testcase> <!-- binaryContentContentTypeAndType -->
  <testcase name="postCreateExternalFileUriBinaryRedirect" time="0.000" classname="org.fcrepo.spec.testsuite.crud.ExternalBinaryContent">
    <skipped/>
  </testcase> <!-- postCreateExternalFileUriBinaryRedirect -->
  <testcase name="binaryContentNoTypeExternalType" time="0.000" classname="org.fcrepo.spec.testsuite.crud.ExternalBinaryContent">
    <skipped/>
  </testcase> <!-- binaryContentNoTypeExternalType -->
  <testcase name="postCreateExternalBinaryContentCopy" time="0.000" classname="org.fcrepo.spec.testsuite.crud.ExternalBinaryContent">
    <skipped/>
  </testcase> <!-- postCreateExternalBinaryContentCopy -->
  <testcase name="externalBinaryContentHandlingStatus" time="0.000" classname="org.fcrepo.spec.testsuite.crud.ExternalBinaryContent">
    <skipped/>
  </testcase> <!-- externalBinaryContentHandlingStatus -->
  <testcase name="putCreateExternalFileUriBinaryRedirect" time="0.000" classname="org.fcrepo.spec.testsuite.crud.ExternalBinaryContent">
    <skipped/>
  </testcase> <!-- putCreateExternalFileUriBinaryRedirect -->
</testsuite> <!-- org.fcrepo.spec.testsuite.crud.ExternalBinaryContent -->
