<?xml version="1.0" encoding="UTF-8"?>
<!-- Generated by org.testng.reporters.JUnitReportReporter -->
<testsuite name="org.fcrepo.spec.testsuite.crud.Ldpnr" tests="2" time="0.325" ignored="0" failures="0" timestamp="02 Aug 2019 16:48:21 GMT" skipped="0" hostname="deck" errors="0">
  <testcase name="ldpnrCreationWrongLinkType" time="0.269" classname="org.fcrepo.spec.testsuite.crud.Ldpnr"/>
  <testcase name="ldpnrCreationLinkType" time="0.056" classname="org.fcrepo.spec.testsuite.crud.Ldpnr"/>
</testsuite> <!-- org.fcrepo.spec.testsuite.crud.Ldpnr -->
