<?xml version="1.0" encoding="UTF-8"?>
<!-- Generated by org.testng.reporters.JUnitReportReporter -->
<testsuite name="org.fcrepo.spec.testsuite.versioning.LdprmHttpOptions" tests="6" time="0.574" ignored="0" failures="1" timestamp="02 Aug 2019 16:48:22 GMT" skipped="0" hostname="deck" errors="0">
  <testcase name="ldprmMustNotSupportPost" time="0.093" classname="org.fcrepo.spec.testsuite.versioning.LdprmHttpOptions"/>
  <testcase name="ldprmMustNotSupportPatch" time="0.124" classname="org.fcrepo.spec.testsuite.versioning.LdprmHttpOptions"/>
  <testcase name="ldprmOptionsMaySupportDelete" time="0.090" classname="org.fcrepo.spec.testsuite.versioning.LdprmHttpOptions">
    <failure type="java.lang.AssertionError" message="Allow with a value of DELETE must be present but is not! expected [true] but found [false]">
      <![CDATA[java.lang.AssertionError: Allow with a value of DELETE must be present but is not! expected [true] but found [false]
	at org.testng.Assert.fail(Assert.java:94)
	at org.testng.Assert.failNotEquals(Assert.java:513)
	at org.testng.Assert.assertTrue(Assert.java:42)
	at org.fcrepo.spec.testsuite.versioning.AbstractVersioningTest.confirmPresenceOfHeaderValueInMultiValueHeader(AbstractVersioningTest.java:92)
	at org.fcrepo.spec.testsuite.versioning.LdprmHttpOptions.ldprmOptionsMaySupportDelete(LdprmHttpOptions.java:89)
	at sun.reflect.NativeMethodAccessorImpl.invoke0(Native Method)
	at sun.reflect.NativeMethodAccessorImpl.invoke(NativeMethodAccessorImpl.java:62)
	at sun.reflect.DelegatingMethodAccessorImpl.invoke(DelegatingMethodAccessorImpl.java:43)
	at java.lang.reflect.Method.invoke(Method.java:498)
	at org.testng.internal.MethodInvocationHelper.invokeMethod(MethodInvocationHelper.java:104)
	at org.testng.internal.Invoker.invokeMethod(Invoker.java:645)
	at org.testng.internal.Invoker.invokeTestMethod(Invoker.java:851)
	at org.testng.internal.Invoker.invokeTestMethods(Invoker.java:1177)
	at org.testng.internal.TestMethodWorker.invokeTestMethods(TestMethodWorker.java:129)
	at org.testng.internal.TestMethodWorker.run(TestMethodWorker.java:112)
	at org.testng.TestRunner.privateRun(TestRunner.java:756)
	at org.testng.TestRunner.run(TestRunner.java:610)
	at org.testng.SuiteRunner.runTest(SuiteRunner.java:387)
	at org.testng.SuiteRunner.runSequentially(SuiteRunner.java:382)
	at org.testng.SuiteRunner.privateRun(SuiteRunner.java:340)
	at org.testng.SuiteRunner.run(SuiteRunner.java:289)
	at org.testng.SuiteRunnerWorker.runSuite(SuiteRunnerWorker.java:52)
	at org.testng.SuiteRunnerWorker.run(SuiteRunnerWorker.java:86)
	at org.testng.TestNG.runSuitesSequentially(TestNG.java:1293)
	at org.testng.TestNG.runSuitesLocally(TestNG.java:1218)
	at org.testng.TestNG.runSuites(TestNG.java:1133)
	at org.testng.TestNG.run(TestNG.java:1104)
	at org.fcrepo.spec.testsuite.App.main(App.java:309)
]]>
    </failure>
  </testcase> <!-- ldprmOptionsMaySupportDelete -->
  <testcase name="ldprmMustSupportOptions" time="0.090" classname="org.fcrepo.spec.testsuite.versioning.LdprmHttpOptions"/>
  <testcase name="ldprmOptionsMustSupportGetHeadAndOptions" time="0.086" classname="org.fcrepo.spec.testsuite.versioning.LdprmHttpOptions"/>
  <testcase name="ldprmMustNotSupportPut" time="0.091" classname="org.fcrepo.spec.testsuite.versioning.LdprmHttpOptions"/>
</testsuite> <!-- org.fcrepo.spec.testsuite.versioning.LdprmHttpOptions -->
