<?xml version="1.0" encoding="UTF-8"?>
<!-- Generated by org.testng.reporters.JUnitReportReporter -->
<testsuite name="org.fcrepo.spec.testsuite.crud.StateToken" tests="8" time="0.504" ignored="0" failures="0" timestamp="02 Aug 2019 16:48:22 GMT" skipped="6" hostname="deck" errors="0">
  <testcase name="badStateTokenOnPatchWhenStateTokensIgnored" time="0.094" classname="org.fcrepo.spec.testsuite.crud.StateToken"/>
  <testcase name="goodStateTokenOnPutSucceedsWhenStateTokensSupported" time="0.033" classname="org.fcrepo.spec.testsuite.crud.StateToken">
    <skipped/>
  </testcase> <!-- goodStateTokenOnPutSucceedsWhenStateTokensSupported -->
  <testcase name="goodStateTokenOnPatchWhenStateTokensSupported" time="0.052" classname="org.fcrepo.spec.testsuite.crud.StateToken">
    <skipped/>
  </testcase> <!-- goodStateTokenOnPatchWhenStateTokensSupported -->
  <testcase name="stateTokenGet" time="0.057" classname="org.fcrepo.spec.testsuite.crud.StateToken">
    <skipped/>
  </testcase> <!-- stateTokenGet -->
  <testcase name="badStateTokenOnPutWhenStateTokensSupported" time="0.074" classname="org.fcrepo.spec.testsuite.crud.StateToken">
    <skipped/>
  </testcase> <!-- badStateTokenOnPutWhenStateTokensSupported -->
  <testcase name="badStateTokenOnPutWhenStateTokensIgnored" time="0.079" classname="org.fcrepo.spec.testsuite.crud.StateToken"/>
  <testcase name="stateTokenHead" time="0.070" classname="org.fcrepo.spec.testsuite.crud.StateToken">
    <skipped/>
  </testcase> <!-- stateTokenHead -->
  <testcase name="badStateTokenOnPatchWhenStateTokensSupported" time="0.045" classname="org.fcrepo.spec.testsuite.crud.StateToken">
    <skipped/>
  </testcase> <!-- badStateTokenOnPatchWhenStateTokensSupported -->
</testsuite> <!-- org.fcrepo.spec.testsuite.crud.StateToken -->
